#
# A fatal error has been detected by the Java Runtime Environment:
#
#  EXCEPTION_ACCESS_VIOLATION (0xc0000005) at pc=0x000007fee89b3546, pid=5468, tid=6976
#
# JRE version: Java(TM) SE Runtime Environment (8.0_31-b13) (build 1.8.0_31-b13)
# Java VM: Java HotSpot(TM) 64-Bit Server VM (25.31-b07 mixed mode windows-amd64 compressed oops)
# Problematic frame:
# C  [opencv_highgui2411.dll+0x13546]
#
# Failed to write core dump. Minidumps are not enabled by default on client versions of Windows
#
# If you would like to submit a bug report, please visit:
#   http://bugreport.java.com/bugreport/crash.jsp
# The crash happened outside the Java Virtual Machine in native code.
# See problematic frame for where to report the bug.
#

---------------  T H R E A D  ---------------

Current thread (0x000000000acab800):  JavaThread "Thread-5" daemon [_thread_in_native, id=6976, stack(0x0000000065660000,0x0000000065760000)]

siginfo: ExceptionCode=0xc0000005, reading address 0xffffffffffffffff

Registers:
RAX=0x000007fee8ac0044, RBX=0x000000000adf89e0, RCX=0x000000000adb6730, RDX=0x0000000000000000
RSP=0x000000006575f070, RBP=0x000007fee8bce650, RSI=0x0000000000000000, RDI=0x000000000adf89e0
R8 =0x0000000000000001, R9 =0x00000000d6430eb8, R10=0x0000000000000028, R11=0x0000000060475360
R12=0x0000000000000000, R13=0x00000000081b0d38, R14=0x000000006575f250, R15=0x000000000acab800
RIP=0x000007fee89b3546, EFLAGS=0x0000000000010246

Top of Stack: (sp=0x000000006575f070)
0x000000006575f070:   000000000adf89e0 000007fee8bce650
0x000000006575f080:   0000000000000000 00000000081078a0
0x000000006575f090:   000000000aca5ea0 000007fee89b807a
0x000000006575f0a0:   000000000adf89e0 000000000f017a01
0x000000006575f0b0:   00000000d689c690 00000000d7c88270
0x000000006575f0c0:   fffffffffffffffe 00000000080f93b1
0x000000006575f0d0:   000000000aca5ea0 000007fee89b857c
0x000000006575f0e0:   0000000064e2ae40 0000000000000001
0x000000006575f0f0:   000000006575f230 000000000acab9e8
0x000000006575f100:   fffffffffffffffe 000000000f017a01
0x000000006575f110:   000000006575f250 000007fee89a104f
0x000000006575f120:   000000000aca5ea0 0000000000000000
0x000000006575f130:   00000000080ab330 0000000000000000
0x000000006575f140:   000000000aca5ea0 000000000aca5ea0
0x000000006575f150:   000000006575f168 000000006575f1c8
0x000000006575f160:   000000000f017a01 000007fefa2c28ca 

Instructions: (pc=0x000007fee89b3546)
0x000007fee89b3526:   80 3d 8f 1d 21 00 00 74 0d 48 8d 0d da 47 11 00
0x000007fee89b3536:   ff 15 3c 20 11 00 48 8b 8b 90 00 00 00 48 8b 01
0x000007fee89b3546:   ff 50 10 80 bb 9b 00 00 00 00 74 18 48 8b 8b b8
0x000007fee89b3556:   03 00 00 e8 10 78 0f 00 48 8b 8b c0 03 00 00 e8 


Register to memory mapping:

RAX=0x000007fee8ac0044 is an unknown value
RBX=0x000000000adf89e0 is an unknown value
RCX=0x000000000adb6730 is an unknown value
RDX=0x0000000000000000 is an unknown value
RSP=0x000000006575f070 is pointing into the stack for thread: 0x000000000acab800
RBP=0x000007fee8bce650 is an unknown value
RSI=0x0000000000000000 is an unknown value
RDI=0x000000000adf89e0 is an unknown value
R8 =0x0000000000000001 is an unknown value
R9 =0x00000000d6430eb8 is an oop
org.bytedeco.javacpp.opencv_highgui$CvCapture 
 - klass: 'org/bytedeco/javacpp/opencv_highgui$CvCapture'
R10=0x0000000000000028 is an unknown value
R11=0x0000000060475360 is an unknown value
R12=0x0000000000000000 is an unknown value
R13=0x00000000081b0d38 is pointing into metadata
R14=0x000000006575f250 is pointing into the stack for thread: 0x000000000acab800
R15=0x000000000acab800 is a thread


Stack: [0x0000000065660000,0x0000000065760000],  sp=0x000000006575f070,  free space=1020k
Native frames: (J=compiled Java code, j=interpreted, Vv=VM code, C=native code)
C  [opencv_highgui2411.dll+0x13546]
C  [opencv_highgui2411.dll+0x1807a]
C  [opencv_highgui2411.dll+0x1857c]
C  [opencv_highgui2411.dll+0x104f]
C  [jniopencv_highgui.dll+0x128ca]
C  0x000000000f025b54

Java frames: (J=compiled Java code, j=interpreted, Vv=VM code)
j  org.bytedeco.javacpp.opencv_highgui.cvReleaseCapture(Lorg/bytedeco/javacpp/opencv_highgui$CvCapture;)V+0
j  org.bytedeco.javacv.OpenCVFrameGrabber.stop()V+11
j  cz.upol.mobyg.Main$1.call()Ljava/lang/Object;+78
j  javafx.concurrent.Task$TaskCallable.call()Ljava/lang/Object;+26
j  java.util.concurrent.FutureTask.run()V+42
j  java.lang.Thread.run()V+11
v  ~StubRoutines::call_stub

---------------  P R O C E S S  ---------------

Java Threads: ( => current thread )
  0x000000000ade7000 JavaThread "Java2D Disposer" daemon [_thread_blocked, id=8036, stack(0x0000000065860000,0x0000000065960000)]
=>0x000000000acab800 JavaThread "Thread-5" daemon [_thread_in_native, id=6976, stack(0x0000000065660000,0x0000000065760000)]
  0x000000000de57800 JavaThread "Prism Font Disposer" daemon [_thread_blocked, id=7068, stack(0x0000000064c80000,0x0000000064d80000)]
  0x000000000a964000 JavaThread "Thread-3" daemon [_thread_in_native, id=7940, stack(0x000000000dac0000,0x000000000dbc0000)]
  0x000000000a91b800 JavaThread "JavaFX Application Thread" [_thread_in_native, id=8020, stack(0x000000000be00000,0x000000000bf00000)]
  0x000000000a90e800 JavaThread "Thread-2" daemon [_thread_blocked, id=2780, stack(0x000000000bcd0000,0x000000000bdd0000)]
  0x000000000a8e4000 JavaThread "QuantumRenderer-0" daemon [_thread_blocked, id=5332, stack(0x000000000b3c0000,0x000000000b4c0000)]
  0x000000000a776000 JavaThread "JavaFX-Launcher" [_thread_blocked, id=1940, stack(0x000000000b190000,0x000000000b290000)]
  0x0000000009d0f000 JavaThread "Monitor Ctrl-Break" daemon [_thread_in_native, id=6612, stack(0x000000000afc0000,0x000000000b0c0000)]
  0x000000000997d000 JavaThread "Service Thread" daemon [_thread_blocked, id=1784, stack(0x000000000a430000,0x000000000a530000)]
  0x0000000009918000 JavaThread "C1 CompilerThread2" daemon [_thread_blocked, id=2640, stack(0x000000000a270000,0x000000000a370000)]
  0x0000000009915800 JavaThread "C2 CompilerThread1" daemon [_thread_blocked, id=6112, stack(0x000000000a0f0000,0x000000000a1f0000)]
  0x0000000009913000 JavaThread "C2 CompilerThread0" daemon [_thread_blocked, id=2448, stack(0x0000000009fa0000,0x000000000a0a0000)]
  0x00000000085e5800 JavaThread "Attach Listener" daemon [_thread_blocked, id=6076, stack(0x0000000009e80000,0x0000000009f80000)]
  0x00000000085e4000 JavaThread "Signal Dispatcher" daemon [_thread_blocked, id=3188, stack(0x00000000095e0000,0x00000000096e0000)]
  0x0000000008588800 JavaThread "Finalizer" daemon [_thread_blocked, id=1740, stack(0x0000000009810000,0x0000000009910000)]
  0x000000000857f800 JavaThread "Reference Handler" daemon [_thread_blocked, id=2032, stack(0x00000000096f0000,0x00000000097f0000)]
  0x00000000020ea000 JavaThread "main" [_thread_blocked, id=2612, stack(0x0000000002340000,0x0000000002440000)]

Other Threads:
  0x000000000857c000 VMThread [stack: 0x0000000009410000,0x0000000009510000] [id=3620]
  0x000000000998e000 WatcherThread [stack: 0x000000000a560000,0x000000000a660000] [id=4672]

VM state:not at safepoint (normal execution)

VM Mutex/Monitor currently owned by a thread: None

Heap:
 PSYoungGen      total 38400K, used 33719K [0x00000000d5c00000, 0x00000000d8680000, 0x0000000100000000)
  eden space 33280K, 88% used [0x00000000d5c00000,0x00000000d78ca1d0,0x00000000d7c80000)
  from space 5120K, 82% used [0x00000000d7c80000,0x00000000d80a3b28,0x00000000d8180000)
  to   space 5120K, 0% used [0x00000000d8180000,0x00000000d8180000,0x00000000d8680000)
 ParOldGen       total 87552K, used 16K [0x0000000081400000, 0x0000000086980000, 0x00000000d5c00000)
  object space 87552K, 0% used [0x0000000081400000,0x0000000081404000,0x0000000086980000)
 Metaspace       used 16514K, capacity 17014K, committed 17152K, reserved 1064960K
  class space    used 2168K, capacity 2285K, committed 2304K, reserved 1048576K

Card table byte_map: [0x0000000002ad0000,0x0000000002ed0000] byte_map_base: 0x00000000026c6000

Marking Bits: (ParMarkBitMap*) 0x000000006047d4f0
 Begin Bits: [0x0000000003890000, 0x0000000005840000)
 End Bits:   [0x0000000005840000, 0x00000000077f0000)

Polling page: 0x0000000000330000

CodeCache: size=245760Kb used=4945Kb max_used=4945Kb free=240814Kb
 bounds [0x000000000f010000, 0x000000000f4f0000, 0x000000001e010000]
 total_blobs=2203 nmethods=1429 adapters=687
 compilation: enabled

Compilation events (10 events):
Event: 6.913 Thread 0x0000000009918000 1425       1       java.util.WeakHashMap$Entry::getValue (5 bytes)
Event: 6.913 Thread 0x0000000009918000 nmethod 1425 0x000000000f4e4310 code [0x000000000f4e4460, 0x000000000f4e4570]
Event: 6.929 Thread 0x0000000009918000 1426       3       java.util.concurrent.locks.AbstractQueuedSynchronizer::setState (6 bytes)
Event: 6.929 Thread 0x0000000009918000 nmethod 1426 0x000000000f4e45d0 code [0x000000000f4e4720, 0x000000000f4e4870]
Event: 6.961 Thread 0x0000000009918000 1427       3       java.util.concurrent.locks.AbstractQueuedSynchronizer::compareAndSetState (13 bytes)
Event: 6.961 Thread 0x0000000009918000 nmethod 1427 0x000000000f4e48d0 code [0x000000000f4e4a20, 0x000000000f4e4b90]
Event: 7.000 Thread 0x0000000009918000 1429       3       com.sun.javafx.event.CompositeEventDispatcher::dispatchCapturingEvent (35 bytes)
Event: 7.000 Thread 0x0000000009918000 nmethod 1429 0x000000000f4e4c10 code [0x000000000f4e4da0, 0x000000000f4e5298]
Event: 7.000 Thread 0x0000000009918000 1428       3       com.sun.javafx.event.BasicEventDispatcher::dispatchEvent (44 bytes)
Event: 7.000 Thread 0x0000000009918000 nmethod 1428 0x000000000f4e5410 code [0x000000000f4e55c0, 0x000000000f4e5b28]

GC Heap History (2 events):
Event: 3.189 GC heap before
{Heap before GC invocations=1 (full 0):
 PSYoungGen      total 38400K, used 33280K [0x00000000d5c00000, 0x00000000d8680000, 0x0000000100000000)
  eden space 33280K, 100% used [0x00000000d5c00000,0x00000000d7c80000,0x00000000d7c80000)
  from space 5120K, 0% used [0x00000000d8180000,0x00000000d8180000,0x00000000d8680000)
  to   space 5120K, 0% used [0x00000000d7c80000,0x00000000d7c80000,0x00000000d8180000)
 ParOldGen       total 87552K, used 0K [0x0000000081400000, 0x0000000086980000, 0x00000000d5c00000)
  object space 87552K, 0% used [0x0000000081400000,0x0000000081400000,0x0000000086980000)
 Metaspace       used 12037K, capacity 12410K, committed 12672K, reserved 1060864K
  class space    used 1572K, capacity 1661K, committed 1664K, reserved 1048576K
Event: 3.194 GC heap after
Heap after GC invocations=1 (full 0):
 PSYoungGen      total 38400K, used 4238K [0x00000000d5c00000, 0x00000000d8680000, 0x0000000100000000)
  eden space 33280K, 0% used [0x00000000d5c00000,0x00000000d5c00000,0x00000000d7c80000)
  from space 5120K, 82% used [0x00000000d7c80000,0x00000000d80a3b28,0x00000000d8180000)
  to   space 5120K, 0% used [0x00000000d8180000,0x00000000d8180000,0x00000000d8680000)
 ParOldGen       total 87552K, used 16K [0x0000000081400000, 0x0000000086980000, 0x00000000d5c00000)
  object space 87552K, 0% used [0x0000000081400000,0x0000000081404000,0x0000000086980000)
 Metaspace       used 12037K, capacity 12410K, committed 12672K, reserved 1060864K
  class space    used 1572K, capacity 1661K, committed 1664K, reserved 1048576K
}

Deoptimization events (10 events):
Event: 3.088 Thread 0x000000000a91b800 Uncommon trap: reason=unreached action=reinterpret pc=0x000000000f27f8dc method=java.util.HashMap.getNode(ILjava/lang/Object;)Ljava/util/HashMap$Node; @ 84
Event: 3.169 Thread 0x000000000a91b800 Uncommon trap: reason=class_check action=maybe_recompile pc=0x000000000f3286e0 method=java.io.FilterInputStream.read([BII)I @ 7
Event: 3.221 Thread 0x000000000a91b800 Uncommon trap: reason=class_check action=maybe_recompile pc=0x000000000f372a88 method=java.io.DataInputStream.readShort()S @ 4
Event: 3.221 Thread 0x000000000a91b800 Uncommon trap: reason=class_check action=maybe_recompile pc=0x000000000f372a88 method=java.io.DataInputStream.readShort()S @ 4
Event: 3.222 Thread 0x000000000a91b800 Uncommon trap: reason=class_check action=maybe_recompile pc=0x000000000f372a88 method=java.io.DataInputStream.readShort()S @ 4
Event: 3.222 Thread 0x000000000a91b800 Uncommon trap: reason=class_check action=maybe_recompile pc=0x000000000f372a88 method=java.io.DataInputStream.readShort()S @ 4
Event: 3.225 Thread 0x000000000a91b800 Uncommon trap: reason=class_check action=maybe_recompile pc=0x000000000f1802d8 method=java.lang.String.equals(Ljava/lang/Object;)Z @ 8
Event: 3.225 Thread 0x000000000a91b800 Uncommon trap: reason=class_check action=maybe_recompile pc=0x000000000f1802d8 method=java.lang.String.equals(Ljava/lang/Object;)Z @ 8
Event: 3.226 Thread 0x000000000a91b800 Uncommon trap: reason=class_check action=maybe_recompile pc=0x000000000f1802d8 method=java.lang.String.equals(Ljava/lang/Object;)Z @ 8
Event: 3.227 Thread 0x000000000a91b800 Uncommon trap: reason=class_check action=maybe_recompile pc=0x000000000f1802d8 method=java.lang.String.equals(Ljava/lang/Object;)Z @ 8

Internal exceptions (10 events):
Event: 3.170 Thread 0x000000000a91b800 Exception <a 'java/security/PrivilegedActionException'> (0x00000000d7c39c40) thrown at [C:\workspace\8-2-build-windows-amd64-cygwin\jdk8u31\2394\hotspot\src\share\vm\prims\jvm.cpp, line 1312]
Event: 3.170 Thread 0x000000000a91b800 Exception <a 'java/security/PrivilegedActionException'> (0x00000000d7c58cc0) thrown at [C:\workspace\8-2-build-windows-amd64-cygwin\jdk8u31\2394\hotspot\src\share\vm\prims\jvm.cpp, line 1312]
Event: 4.537 Thread 0x000000000acab800 Exception <a 'java/security/PrivilegedActionException'> (0x00000000d648d498) thrown at [C:\workspace\8-2-build-windows-amd64-cygwin\jdk8u31\2394\hotspot\src\share\vm\prims\jvm.cpp, line 1312]
Event: 4.563 Thread 0x000000000acab800 Exception <a 'java/security/PrivilegedActionException'> (0x00000000d64909b8) thrown at [C:\workspace\8-2-build-windows-amd64-cygwin\jdk8u31\2394\hotspot\src\share\vm\prims\jvm.cpp, line 1312]
Event: 4.564 Thread 0x000000000acab800 Exception <a 'java/security/PrivilegedActionException'> (0x00000000d6496db8) thrown at [C:\workspace\8-2-build-windows-amd64-cygwin\jdk8u31\2394\hotspot\src\share\vm\prims\jvm.cpp, line 1312]
Event: 4.573 Thread 0x000000000acab800 Exception <a 'java/security/PrivilegedActionException'> (0x00000000d64b0cb0) thrown at [C:\workspace\8-2-build-windows-amd64-cygwin\jdk8u31\2394\hotspot\src\share\vm\prims\jvm.cpp, line 1312]
Event: 4.574 Thread 0x000000000acab800 Exception <a 'java/security/PrivilegedActionException'> (0x00000000d64b6858) thrown at [C:\workspace\8-2-build-windows-amd64-cygwin\jdk8u31\2394\hotspot\src\share\vm\prims\jvm.cpp, line 1312]
Event: 4.575 Thread 0x000000000acab800 Exception <a 'java/io/FileNotFoundException'> (0x00000000d64bdb58) thrown at [C:\workspace\8-2-build-windows-amd64-cygwin\jdk8u31\2394\hotspot\src\share\vm\prims\jni.cpp, line 716]
Event: 4.608 Thread 0x000000000acab800 Exception <a 'java/io/FileNotFoundException'> (0x00000000d66decb0) thrown at [C:\workspace\8-2-build-windows-amd64-cygwin\jdk8u31\2394\hotspot\src\share\vm\prims\jni.cpp, line 716]
Event: 5.237 Thread 0x000000000acab800 Exception <a 'java/security/PrivilegedActionException'> (0x00000000d6895250) thrown at [C:\workspace\8-2-build-windows-amd64-cygwin\jdk8u31\2394\hotspot\src\share\vm\prims\jvm.cpp, line 1312]

Events (10 events):
Event: 7.140 Executing VM operation: RevokeBias
Event: 7.140 Executing VM operation: RevokeBias done
Event: 7.140 Executing VM operation: RevokeBias
Event: 7.140 Executing VM operation: RevokeBias done
Event: 7.140 Executing VM operation: RevokeBias
Event: 7.140 Executing VM operation: RevokeBias done
Event: 7.140 Executing VM operation: RevokeBias
Event: 7.140 Executing VM operation: RevokeBias done
Event: 7.140 Executing VM operation: RevokeBias
Event: 7.140 Executing VM operation: RevokeBias done


Dynamic libraries:
0x000000013fe50000 - 0x000000013fe84000 	C:\Program Files\Java\jdk1.8.0_31\bin\java.exe
0x0000000077be0000 - 0x0000000077d89000 	C:\Windows\SYSTEM32\ntdll.dll
0x0000000077ac0000 - 0x0000000077bdf000 	C:\Windows\system32\kernel32.dll
0x000007fefcc40000 - 0x000007fefccab000 	C:\Windows\system32\KERNELBASE.dll
0x000007fefcf60000 - 0x000007fefd03b000 	C:\Windows\system32\ADVAPI32.dll
0x000007fefd270000 - 0x000007fefd30f000 	C:\Windows\system32\msvcrt.dll
0x000007fefe4e0000 - 0x000007fefe4ff000 	C:\Windows\SYSTEM32\sechost.dll
0x000007fefd340000 - 0x000007fefd46d000 	C:\Windows\system32\RPCRT4.dll
0x00000000779c0000 - 0x0000000077aba000 	C:\Windows\system32\USER32.dll
0x000007fefd040000 - 0x000007fefd0a7000 	C:\Windows\system32\GDI32.dll
0x000007fefe5a0000 - 0x000007fefe5ae000 	C:\Windows\system32\LPK.dll
0x000007fefea40000 - 0x000007fefeb09000 	C:\Windows\system32\USP10.dll
0x000007fefa310000 - 0x000007fefa504000 	C:\Windows\WinSxS\amd64_microsoft.windows.common-controls_6595b64144ccf1df_6.0.7601.17514_none_fa396087175ac9ac\COMCTL32.dll
0x000007fefd0b0000 - 0x000007fefd121000 	C:\Windows\system32\SHLWAPI.dll
0x000007fefd310000 - 0x000007fefd33e000 	C:\Windows\system32\IMM32.DLL
0x000007fefd160000 - 0x000007fefd269000 	C:\Windows\system32\MSCTF.dll
0x000007fefc8a0000 - 0x000007fefc8d1000 	C:\Windows\system32\nvinitx.dll
0x000007fefc890000 - 0x000007fefc89c000 	C:\Windows\system32\VERSION.dll
0x000000000f000000 - 0x000000000f006000 	C:\Program Files\NVIDIA Corporation\CoProcManager\detoured.dll
0x000007fef8860000 - 0x000007fef8891000 	C:\Program Files\NVIDIA Corporation\CoProcManager\nvd3d9wrapx.dll
0x000007fefe5b0000 - 0x000007fefe787000 	C:\Windows\system32\SETUPAPI.dll
0x000007fefca90000 - 0x000007fefcac6000 	C:\Windows\system32\CFGMGR32.dll
0x000007fefd470000 - 0x000007fefd547000 	C:\Windows\system32\OLEAUT32.dll
0x000007fefcd50000 - 0x000007fefcf53000 	C:\Windows\system32\ole32.dll
0x000007fefca70000 - 0x000007fefca8a000 	C:\Windows\system32\DEVOBJ.dll
0x000007fef8830000 - 0x000007fef8852000 	C:\Program Files\NVIDIA Corporation\CoProcManager\nvdxgiwrapx.dll
0x000000006f1b0000 - 0x000000006f282000 	C:\Program Files\Java\jdk1.8.0_31\jre\bin\msvcr100.dll
0x000000005fca0000 - 0x00000000604fa000 	C:\Program Files\Java\jdk1.8.0_31\jre\bin\server\jvm.dll
0x000007fef6e00000 - 0x000007fef6e09000 	C:\Windows\system32\WSOCK32.dll
0x000007fefe9f0000 - 0x000007fefea3d000 	C:\Windows\system32\WS2_32.dll
0x000007fefd150000 - 0x000007fefd158000 	C:\Windows\system32\NSI.dll
0x000007fef9c00000 - 0x000007fef9c3b000 	C:\Windows\system32\WINMM.dll
0x0000000077db0000 - 0x0000000077db7000 	C:\Windows\system32\PSAPI.DLL
0x0000000071470000 - 0x000000007147f000 	C:\Program Files\Java\jdk1.8.0_31\jre\bin\verify.dll
0x0000000070670000 - 0x0000000070698000 	C:\Program Files\Java\jdk1.8.0_31\jre\bin\java.dll
0x0000000070cd0000 - 0x0000000070ce6000 	C:\Program Files\Java\jdk1.8.0_31\jre\bin\zip.dll
0x000007fefd5d0000 - 0x000007fefe358000 	C:\Windows\system32\SHELL32.dll
0x000007fefc8e0000 - 0x000007fefc8ef000 	C:\Windows\system32\profapi.dll
0x000007feffd40000 - 0x000007feffd50000 	C:\Program Files (x86)\JetBrains\IntelliJ IDEA 14.0.3\bin\breakgen64.dll
0x0000000070cb0000 - 0x0000000070cca000 	C:\Program Files\Java\jdk1.8.0_31\jre\bin\net.dll
0x000007fefbdb0000 - 0x000007fefbe05000 	C:\Windows\system32\mswsock.dll
0x000007fefc370000 - 0x000007fefc377000 	C:\Windows\System32\wship6.dll
0x0000000070600000 - 0x000000007062c000 	C:\Program Files\Java\jdk1.8.0_31\jre\bin\prism_d3d.dll
0x000007fef6480000 - 0x000007fef667f000 	C:\Windows\system32\d3d9.dll
0x000007fef6470000 - 0x000007fef6477000 	C:\Windows\system32\d3d8thk.dll
0x000007fef9c40000 - 0x000007fef9c58000 	C:\Windows\system32\dwmapi.dll
0x000007fefca30000 - 0x000007fefca6a000 	C:\Windows\system32\WINTRUST.dll
0x000000000b4c0000 - 0x000000000b627000 	C:\Windows\system32\CRYPT32.dll
0x000007fefc980000 - 0x000007fefc98f000 	C:\Windows\system32\MSASN1.dll
0x000007fefa550000 - 0x000007fefa5a6000 	C:\Windows\system32\uxtheme.dll
0x000007fef7c40000 - 0x000007fef7d56000 	C:\Windows\system32\nvumdshimx.dll
0x000007feeb420000 - 0x000007feebc6d000 	C:\Windows\system32\igdumdim64.dll
0x000007fef5680000 - 0x000007fef5ab4000 	C:\Windows\system32\igdusc64.dll
0x000000006f160000 - 0x000000006f1a2000 	C:\Program Files\Java\jdk1.8.0_31\jre\bin\glass.dll
0x000007fefe500000 - 0x000007fefe597000 	C:\Windows\system32\COMDLG32.dll
0x000007fefc780000 - 0x000007fefc78f000 	C:\Windows\system32\CRYPTBASE.dll
0x000000006c5d0000 - 0x000000006c6a1000 	C:\Users\Medel\AppData\Local\Temp\javacpp253535131578126\msvcr100.dll
0x000000006c800000 - 0x000000006c898000 	C:\Users\Medel\AppData\Local\Temp\javacpp253535131578126\msvcp100.dll
0x000007fee8ec0000 - 0x000007fee9140000 	C:\Users\Medel\AppData\Local\Temp\javacpp253535131578126\opencv_core2411.dll
0x000007feea5d0000 - 0x000007feea7c2000 	C:\Users\Medel\AppData\Local\Temp\javacpp253535131578126\jniopencv_core.dll
0x000007fee8bf0000 - 0x000007fee8eb1000 	C:\Users\Medel\AppData\Local\Temp\javacpp253535131578126\opencv_imgproc2411.dll
0x000007fefa1b0000 - 0x000007fefa258000 	C:\Users\Medel\AppData\Local\Temp\javacpp253535131578126\jniopencv_imgproc.dll
0x0000000066840000 - 0x00000000676b4000 	C:\Users\Medel\AppData\Local\Temp\javacpp253535131578126\opencv_ffmpeg2411_64.dll
0x000007fee89a0000 - 0x000007fee8bee000 	C:\Users\Medel\AppData\Local\Temp\javacpp253535131578126\opencv_highgui2411.dll
0x000007feff2b0000 - 0x000007feff2cf000 	C:\Windows\system32\AVIFIL32.dll
0x000007fef9770000 - 0x000007fef9788000 	C:\Windows\system32\MSACM32.dll
0x000007fefefe0000 - 0x000007feff009000 	C:\Windows\system32\MSVFW32.dll
0x000007feff1d0000 - 0x000007feff1e7000 	C:\Windows\system32\AVICAP32.dll
0x000007fefa2b0000 - 0x000007fefa301000 	C:\Users\Medel\AppData\Local\Temp\javacpp253535131578126\jniopencv_highgui.dll
0x000007fefccb0000 - 0x000007fefcd49000 	C:\Windows\system32\CLBCatQ.DLL
0x000007feffac0000 - 0x000007feffad6000 	C:\Windows\system32\devenum.dll
0x000007fefc5f0000 - 0x000007fefc61d000 	C:\Windows\system32\ntmarta.dll
0x000007fefec40000 - 0x000007fefec92000 	C:\Windows\system32\WLDAP32.dll
0x000007feff850000 - 0x000007feff85d000 	C:\Windows\system32\msdmo.dll
0x000007fefb240000 - 0x000007fefb26f000 	C:\Windows\system32\qcap.dll
0x000007fee87e0000 - 0x000007fee8992000 	C:\Windows\system32\quartz.dll
0x000007fefa160000 - 0x000007fefa1a1000 	C:\Windows\system32\ksproxy.ax
0x0000000075760000 - 0x0000000075766000 	C:\Windows\system32\ksuser.dll
0x000007feffb00000 - 0x000007feffb0b000 	C:\Windows\system32\vidcap.ax
0x000007fefa5d0000 - 0x000007fefa5f4000 	C:\Windows\system32\kswdmcap.ax
0x000007fef9610000 - 0x000007fef976c000 	C:\Windows\system32\MFC42.dll
0x000007fef8bc0000 - 0x000007fef8c71000 	C:\Windows\system32\ODBC32.dll
0x000000006c550000 - 0x000000006c588000 	C:\Windows\system32\odbcint.dll
0x000007fefa0c0000 - 0x000007fefa15b000 	C:\Windows\System32\qedit.dll
0x000007fef9d10000 - 0x000007fef9f25000 	C:\Windows\WinSxS\amd64_microsoft.windows.gdiplus_6595b64144ccf1df_1.1.7601.17514_none_2b24536c71ed437a\gdiplus.dll
0x000007fef1f30000 - 0x000007fef2021000 	C:\Windows\system32\DDRAW.dll
0x000007fef8f40000 - 0x000007fef8f48000 	C:\Windows\system32\DCIMAN32.dll
0x000000006f120000 - 0x000000006f135000 	C:\Program Files\Java\jdk1.8.0_31\jre\bin\javafx_font.dll
0x000007fee8420000 - 0x000007fee859e000 	C:\Windows\system32\dwrite.dll
0x000007fef9ad0000 - 0x000007fef9bfa000 	C:\Windows\system32\WindowsCodecs.dll
0x000007fefc720000 - 0x000007fefc777000 	C:\Windows\system32\apphelp.dll
0x000007fef6ba0000 - 0x000007fef6bd1000 	C:\Users\Medel\AppData\Roaming\Dropbox\bin\DropboxExt64.25.dll
0x0000000071230000 - 0x0000000071246000 	C:\Program Files\Common Files\TortoiseOverlays\TortoiseOverlays.dll
0x0000000180000000 - 0x000000018007b000 	C:\Program Files\TortoiseHg\ThgShellx64.dll
0x000007fef4d30000 - 0x000007fef5046000 	C:\Windows\system32\msi.dll
0x000007fef95e0000 - 0x000007fef960d000 	C:\Program Files\Common Files\Microsoft Shared\Ink\rtscom.dll
0x000000006d010000 - 0x000000006d021000 	C:\Program Files\Java\jdk1.8.0_31\jre\bin\prism_common.dll
0x000000006c3b0000 - 0x000000006c548000 	C:\Program Files\Java\jdk1.8.0_31\jre\bin\awt.dll
0x000007feff280000 - 0x000007feff28b000 	C:\Windows\system32\msyuv.dll
0x000007fef2af0000 - 0x000007fef2c15000 	C:\Windows\system32\dbghelp.dll

VM Arguments:
jvm_args: -Didea.launcher.port=7547 -Didea.launcher.bin.path=C:\Program Files (x86)\JetBrains\IntelliJ IDEA 14.0.3\bin -Dfile.encoding=UTF-8 
java_command: com.intellij.rt.execution.application.AppMain cz.upol.mobyg.Main
java_class_path (initial): C:\Program Files\Java\jdk1.8.0_31\jre\lib\charsets.jar;C:\Program Files\Java\jdk1.8.0_31\jre\lib\deploy.jar;C:\Program Files\Java\jdk1.8.0_31\jre\lib\javaws.jar;C:\Program Files\Java\jdk1.8.0_31\jre\lib\jce.jar;C:\Program Files\Java\jdk1.8.0_31\jre\lib\jfr.jar;C:\Program Files\Java\jdk1.8.0_31\jre\lib\jfxswt.jar;C:\Program Files\Java\jdk1.8.0_31\jre\lib\jsse.jar;C:\Program Files\Java\jdk1.8.0_31\jre\lib\management-agent.jar;C:\Program Files\Java\jdk1.8.0_31\jre\lib\plugin.jar;C:\Program Files\Java\jdk1.8.0_31\jre\lib\resources.jar;C:\Program Files\Java\jdk1.8.0_31\jre\lib\rt.jar;C:\Program Files\Java\jdk1.8.0_31\jre\lib\ext\access-bridge-64.jar;C:\Program Files\Java\jdk1.8.0_31\jre\lib\ext\cldrdata.jar;C:\Program Files\Java\jdk1.8.0_31\jre\lib\ext\dnsns.jar;C:\Program Files\Java\jdk1.8.0_31\jre\lib\ext\jaccess.jar;C:\Program Files\Java\jdk1.8.0_31\jre\lib\ext\jfxrt.jar;C:\Program Files\Java\jdk1.8.0_31\jre\lib\ext\localedata.jar;C:\Program Files\Java\jdk1.8.0_31\jre\lib\ext\nashorn.jar;C:\Program Files\Java\jdk1.8.0_31\jre\lib\ext\sunec.jar;C:\Program Files\Java\jdk1.8.0_31\jre\lib\ext\sunjce_provider.jar;C:\Program Files\Java\jdk1.8.0_31\jre\lib\ext\sunmscapi.jar;C:\Program Files\Java\jdk1.8.0_31\jre\lib\ext\sunpkcs11.jar;C:\Program Files\Java\jdk1.8.0_31\jre\lib\ext\zipfs.jar;D:\Documents\Informatika\Bakalarka\Java\Mobyg\out\production\Mobyg;D:\Documents\Informatika\Bakalarka\Java\Mobyg\libs\javaCV\ffmpeg.jar;D:\Documents\Informatika\Bakalarka\Java\Mobyg\libs\javaCV\javacv.jar;D:\Documents\Informatika\Bakalarka\Java\Mobyg\libs\javaCV\opencv.jar;D:\Documents\Informatika\Bakalarka\Java\Mobyg\libs\javaCV\javacpp.jar;D:\Documents\Informatika\Bakalarka\Java\Mobyg\libs\javaCV\flandmark.jar;D:\Documents\Informatika\Bakalarka\Java\Mobyg\libs\javaCV\libdc1394.jar;D:\Documents\Informatika\Bakalarka\Java\Mobyg\libs\javaCV\flycapture.jar;D:\Documents\Informatika\Bakalarka\Java\Mobyg\libs\javaCV\videoinput.jar;D:\Documents\Informatika\Bakalarka\Jav
Launcher Type: SUN_STANDARD

Environment Variables:
JAVA_HOME=C:\Program Files\Java\jdk1.8.0_31
PATH=C:\ProgramData\Oracle\Java\javapath;C:\Program Files (x86)\Intel\iCLS Client\;C:\Program Files\Intel\iCLS Client\;C:\Windows\system32;C:\Windows;C:\Windows\System32\Wbem;C:\Program Files\Intel\WiFi\bin\;C:\Program Files\Common Files\Intel\WirelessCommon\;C:\Program Files\Intel\Intel(R) Management Engine Components\DAL;C:\Program Files\Intel\Intel(R) Management Engine Components\IPT;C:\Program Files (x86)\Intel\Intel(R) Management Engine Components\DAL;C:\Program Files (x86)\Intel\Intel(R) Management Engine Components\IPT;C:\Program Files (x86)\Intel\OpenCL SDK\3.0\bin\x86;C:\Program Files (x86)\Intel\OpenCL SDK\3.0\bin\x64;C:\Program Files\TortoiseHg\;C:\Program Files\MATLAB\R2011b\runtime\win64;C:\Program Files\MATLAB\R2011b\bin;C:\Program Files (x86)\gradle-2.3\bin;C:\Windows\System32\WindowsPowerShell\v1.0\;C:\Program Files (x86)\Windows Kits\8.1\Windows Performance Toolkit\;C:\Program Files\Microsoft SQL Server\110\Tools\Binn\;C:\Program Files (x86)\apache-maven-3.2.5\bin;C:\Program Files\Java\jre1.8.0_31\bin;C:\Program Files (x86)\Skype\Phone\;C:\Program Files (x86)\pgAdmin III\1.18;C:\MinGW\bin;C:\xampp\php;;C:\Program Files (x86)\NVIDIA Corporation\PhysX\Common;C:\Program Files\Intel\WiFi\bin\;C:\Program Files\Common Files\Intel\WirelessCommon\;C:\OpenCV\opencv2.4.10\build\x86\vc11\bin;C:\texlive\2014\bin\win32;C:\ProgramData\chocolatey\bin;
USERNAME=Medel
OS=Windows_NT
PROCESSOR_IDENTIFIER=Intel64 Family 6 Model 60 Stepping 3, GenuineIntel



---------------  S Y S T E M  ---------------

OS: Windows 7 , 64 bit Build 7601 Service Pack 1

CPU:total 4 (2 cores per cpu, 2 threads per core) family 6 model 60 stepping 3, cmov, cx8, fxsr, mmx, sse, sse2, sse3, ssse3, sse4.1, sse4.2, popcnt, avx, avx2, aes, clmul, erms, lzcnt, ht, tsc, tscinvbit, bmi1, bmi2

Memory: 4k page, physical 8302960k(2831436k free), swap 16604076k(10223968k free)

vm_info: Java HotSpot(TM) 64-Bit Server VM (25.31-b07) for windows-amd64 JRE (1.8.0_31-b13), built on Dec 17 2014 21:00:28 by "java_re" with MS VC++ 10.0 (VS2010)

time: Wed Jul 15 17:22:03 2015
elapsed time: 7 seconds (0d 0h 0m 7s)

